21/Oct/2025:06:32:49 -0800: Starting PostgREST 12.2.9...
21/Oct/2025:06:32:49 -0800: Listening on port 32428
21/Oct/2025:06:32:49 -0800: Listening for notifications on the "pgrst" channel
21/Oct/2025:06:32:49 -0800: Successfully connected to PostgreSQL 17.6
21/Oct/2025:06:32:49 -0800: Config reloaded
21/Oct/2025:06:32:49 -0800: Schema cache queried in 4.5 milliseconds
21/Oct/2025:06:32:49 -0800: Schema cache loaded 0 Relations, 0 Relationships, 0 Functions, 0 Domain Representations, 4 Media Type Handlers, 1189 Timezones
21/Oct/2025:06:32:49 -0800: Schema cache loaded in 1.5 milliseconds
21/Oct/2025:07:41:01 -0800: Starting PostgREST 12.2.9...
21/Oct/2025:07:41:01 -0800: Listening on port 32428
21/Oct/2025:07:41:01 -0800: Listening for notifications on the "pgrst" channel
21/Oct/2025:07:41:01 -0800: Successfully connected to PostgreSQL 17.6
21/Oct/2025:07:41:01 -0800: Config reloaded
21/Oct/2025:07:41:01 -0800: Schema cache queried in 4.0 milliseconds
21/Oct/2025:07:41:01 -0800: Schema cache loaded 0 Relations, 0 Relationships, 0 Functions, 0 Domain Representations, 4 Media Type Handlers, 1189 Timezones
21/Oct/2025:07:41:01 -0800: Schema cache loaded in 1.1 milliseconds
22/Oct/2025:07:07:45 -0800: Starting PostgREST 12.2.9...
22/Oct/2025:07:07:45 -0800: Listening on port 32428
22/Oct/2025:07:07:45 -0800: Listening for notifications on the "pgrst" channel
22/Oct/2025:07:07:45 -0800: Successfully connected to PostgreSQL 17.6
22/Oct/2025:07:07:45 -0800: Config reloaded
22/Oct/2025:07:07:45 -0800: Schema cache queried in 4.4 milliseconds
22/Oct/2025:07:07:45 -0800: Schema cache loaded 0 Relations, 0 Relationships, 0 Functions, 0 Domain Representations, 4 Media Type Handlers, 1189 Timezones
22/Oct/2025:07:07:45 -0800: Schema cache loaded in 1.4 milliseconds
22/Oct/2025:09:35:16 -0800: Starting PostgREST 12.2.9...
22/Oct/2025:09:35:16 -0800: Listening on port 32428
22/Oct/2025:09:35:16 -0800: Listening for notifications on the "pgrst" channel
22/Oct/2025:09:35:16 -0800: Successfully connected to PostgreSQL 17.6
22/Oct/2025:09:35:16 -0800: Config reloaded
22/Oct/2025:09:35:16 -0800: Schema cache queried in 4.5 milliseconds
22/Oct/2025:09:35:16 -0800: Schema cache loaded 0 Relations, 0 Relationships, 0 Functions, 0 Domain Representations, 4 Media Type Handlers, 1189 Timezones
22/Oct/2025:09:35:16 -0800: Schema cache loaded in 1.3 milliseconds
23/Oct/2025:03:30:24 -0800: Starting PostgREST 12.2.9...
23/Oct/2025:03:30:24 -0800: Listening on port 32428
23/Oct/2025:03:30:24 -0800: Listening for notifications on the "pgrst" channel
23/Oct/2025:03:30:24 -0800: Successfully connected to PostgreSQL 17.6
23/Oct/2025:03:30:24 -0800: Config reloaded
23/Oct/2025:03:30:24 -0800: Schema cache queried in 4.3 milliseconds
23/Oct/2025:03:30:24 -0800: Schema cache loaded 0 Relations, 0 Relationships, 0 Functions, 0 Domain Representations, 4 Media Type Handlers, 1189 Timezones
23/Oct/2025:03:30:24 -0800: Schema cache loaded in 1.3 milliseconds
24/Oct/2025:04:03:18 -0800: Starting PostgREST 12.2.9...
24/Oct/2025:04:03:18 -0800: Listening on port 32428
24/Oct/2025:04:03:18 -0800: Successfully connected to PostgreSQL 17.6
24/Oct/2025:04:03:18 -0800: Listening for notifications on the "pgrst" channel
24/Oct/2025:04:03:18 -0800: Config reloaded
24/Oct/2025:04:03:18 -0800: Schema cache queried in 4.5 milliseconds
24/Oct/2025:04:03:18 -0800: Schema cache loaded 0 Relations, 0 Relationships, 0 Functions, 0 Domain Representations, 4 Media Type Handlers, 1189 Timezones
24/Oct/2025:04:03:18 -0800: Schema cache loaded in 1.4 milliseconds
24/Oct/2025:15:58:38 -0800: Starting PostgREST 12.2.9...
24/Oct/2025:15:58:38 -0800: Listening on port 32428
24/Oct/2025:15:58:38 -0800: Listening for notifications on the "pgrst" channel
24/Oct/2025:15:58:38 -0800: Successfully connected to PostgreSQL 17.6
24/Oct/2025:15:58:38 -0800: Config reloaded
24/Oct/2025:15:58:38 -0800: Schema cache queried in 4.0 milliseconds
24/Oct/2025:15:58:38 -0800: Schema cache loaded 0 Relations, 0 Relationships, 0 Functions, 0 Domain Representations, 4 Media Type Handlers, 1189 Timezones
24/Oct/2025:15:58:38 -0800: Schema cache loaded in 1.4 milliseconds
